<?xml version="1.0" encoding="UTF-8"?>
<!-- Generated by org.testng.reporters.JUnitReportReporter -->
<testsuite hostname="LAPTOP-HHG97Q7R" failures="0" tests="2" name="com.testcases.DemoQaFeatures" time="75.448" errors="0" timestamp="2023-12-02T18:33:29 IST" skipped="0">
  <testcase classname="com.testcases.DemoQaFeatures" name="elementsTC_001" time="52.792"/>
  <system-out/>
  <testcase classname="com.testcases.DemoQaFeatures" name="elementsTC_002" time="22.656"/>
  <system-out/>
</testsuite> <!-- com.testcases.DemoQaFeatures -->
